Arguments: 
  C:\Program Files\nodejs\node.exe C:\Program Files (x86)\Yarn\bin\yarn.js add lottie-web

PATH: 
  C:\Program Files (x86)\NVIDIA Corporation\PhysX\Common;C:\Program Files (x86)\Common Files\Intel\Shared Libraries\redist\intel64\compiler;C:\Windows\system32;C:\Windows;C:\Windows\System32\Wbem;C:\Windows\System32\WindowsPowerShell\v1.0\;C:\Windows\System32\OpenSSH\;C:\Program Files\NVIDIA Corporation\NVIDIA NvDLISR;C:\Program Files\Microsoft SQL Server\Client SDK\ODBC\170\Tools\Binn\;C:\Program Files (x86)\Microsoft SQL Server\150\Tools\Binn\;C:\Program Files\Microsoft SQL Server\150\Tools\Binn\;C:\Program Files\Microsoft SQL Server\150\DTS\Binn\;C:\Program Files (x86)\Windows Kits\8.1\Windows Performance Toolkit\;C:\Program Files\Git\cmd;C:\Program Files (x86)\Yarn\bin\;C:\Users\hesha\AppData\Roaming\nvm;C:\Program Files\nodejs;C:\Program Files\nodejs\;C:\Users\hesha\AppData\Local\Microsoft\WindowsApps;C:\Users\hesha\AppData\Local\Programs\Microsoft VS Code\bin;C:\Users\hesha\AppData\Local\GitHubDesktop\bin;C:\Users\hesha\AppData\Local\Yarn\bin;C:\Users\hesha\AppData\Roaming\nvm;C:\Program Files\nodejs;C:\Users\hesha\AppData\Roaming\npm

Yarn version: 
  1.22.19

Node version: 
  16.17.0

Platform: 
  win32 x64

Trace: 
  Error: EPERM: operation not permitted, copyfile 'C:\Users\hesha\AppData\Local\Yarn\Cache\v6\npm-@pmmmwh-react-refresh-webpack-plugin-0.5.7-58f8217ba70069cc6a73f5d7e05e85b458c150e2-integrity\node_modules\@pmmmwh\react-refresh-webpack-plugin\package.json' -> 'C:\Users\hesha\OneDrive\Desktop\New folder\portfolio\node_modules\@pmmmwh\react-refresh-webpack-plugin\package.json'

npm manifest: 
  {
    "name": "portfolio",
    "version": "0.1.0",
    "private": true,
    "dependencies": {
      "@emotion/react": "^11.10.0",
      "@emotion/styled": "^11.10.0",
      "@mui/icons-material": "^5.10.2",
      "@mui/material": "^5.10.2",
      "@testing-library/jest-dom": "^5.16.5",
      "@testing-library/react": "^13.3.0",
      "@testing-library/user-event": "^13.5.0",
      "react": "^18.2.0",
      "react-dom": "^18.2.0",
      "react-router-dom": "^5.2.0",
      "react-scripts": "5.0.1",
      "web-vitals": "^2.1.4"
    },
    "scripts": {
      "start": "react-scripts start",
      "build": "react-scripts build",
      "test": "react-scripts test",
      "eject": "react-scripts eject"
    },
    "eslintConfig": {
      "extends": [
        "react-app",
        "react-app/jest"
      ]
    },
    "browserslist": {
      "production": [
        ">0.2%",
        "not dead",
        "not op_mini all"
      ],
      "development": [
        "last 1 chrome version",
        "last 1 firefox version",
        "last 1 safari version"
      ]
    }
  }

yarn manifest: 
  No manifest

Lockfile: 
  No lockfile
